<?xml version="1.0" encoding="UTF-8"?>
<!-- Generated by org.testng.reporters.JUnitReportReporter -->
<testsuite hostname="DESKTOP-CF1P74J" failures="0" tests="1" name="TestRunner.TestRunner" time="115.946" errors="0" timestamp="2023-07-24T12:05:03 IST" skipped="0">
  <testcase classname="TestRunner.TestRunner" name="runScenario" time="115.946"/>
</testsuite> <!-- TestRunner.TestRunner -->
